app/build/intermediates/manifest_merge_blame_file/release/processReleaseMainManifest/manifest-merger-blame-release-report.txt
1<?xml version="1.0" encoding="utf-8"?>
2<manifest xmlns:android="http://schemas.android.com/apk/res/android"
3    package="sachdeva.saksham.medrescue"
4    android:versionCode="1"
5    android:versionName="1.0" >
6
7    <uses-sdk
8        android:minSdkVersion="21"
9        android:targetSdkVersion="34" />
10    <!-- To auto-complete the email text field in the login form with the user's emails -->
11    <uses-permission android:name="android.permission.GET_ACCOUNTS" />
11-->src\main\AndroidManifest.xml:4:5-71
11-->src\main\AndroidManifest.xml:4:22-68
12    <uses-permission android:name="android.permission.READ_PROFILE" />
12-->src\main\AndroidManifest.xml:5:5-71
12-->src\main\AndroidManifest.xml:5:22-68
13    <uses-permission android:name="android.permission.READ_CONTACTS" />
13-->src\main\AndroidManifest.xml:6:5-72
13-->src\main\AndroidManifest.xml:6:22-69
14    <!--
15         The ACCESS_COARSE/FINE_LOCATION permissions are not required to use
16         Google Maps Android API v2, but you must specify either coarse or fine
17         location permissions for the 'MyLocation' functionality. 
18    -->
19    <uses-permission android:name="android.permission.ACCESS_FINE_LOCATION" />
19-->src\main\AndroidManifest.xml:12:5-79
19-->src\main\AndroidManifest.xml:12:22-76
20    <uses-permission android:name="android.permission.ACCESS_COARSE_LOCATION" />
20-->src\main\AndroidManifest.xml:13:5-81
20-->src\main\AndroidManifest.xml:13:22-78
21    <uses-permission android:name="android.permission.INTERNET" />
21-->src\main\AndroidManifest.xml:14:5-67
21-->src\main\AndroidManifest.xml:14:22-64
22    <uses-permission android:name="android.permission.READ_EXTERNAL_STORAGE" />
22-->src\main\AndroidManifest.xml:15:5-80
22-->src\main\AndroidManifest.xml:15:22-77
23    <uses-permission android:name="android.permission.ACCESS_WIFI_STATE" /> <!-- Include required permissions for Google Maps API to run. -->
23-->[com.google.android.libraries.places:places:3.3.0] AndroidManifest.xml:11:5-76
23-->[com.google.android.libraries.places:places:3.3.0] AndroidManifest.xml:11:22-73
24    <uses-permission android:name="android.permission.ACCESS_NETWORK_STATE" />
24-->[com.google.android.gms:play-services-maps:18.2.0] AndroidManifest.xml:23:5-79
24-->[com.google.android.gms:play-services-maps:18.2.0] AndroidManifest.xml:23:22-76
25
26    <uses-feature
26-->[com.google.android.gms:play-services-maps:18.2.0] AndroidManifest.xml:26:5-28:35
27        android:glEsVersion="0x00020000"
27-->[com.google.android.gms:play-services-maps:18.2.0] AndroidManifest.xml:27:9-41
28        android:required="true" />
28-->[com.google.android.gms:play-services-maps:18.2.0] AndroidManifest.xml:28:9-32
29
30    <queries>
30-->[com.google.android.gms:play-services-maps:18.2.0] AndroidManifest.xml:30:5-34:15
31
32        <!-- Needs to be explicitly declared on Android R+ -->
33        <package android:name="com.google.android.apps.maps" />
33-->[com.google.android.gms:play-services-maps:18.2.0] AndroidManifest.xml:33:9-64
33-->[com.google.android.gms:play-services-maps:18.2.0] AndroidManifest.xml:33:18-61
34    </queries>
35
36    <uses-permission android:name="android.permission.WAKE_LOCK" />
36-->[com.google.android.gms:play-services-measurement-api:21.5.0] AndroidManifest.xml:24:5-68
36-->[com.google.android.gms:play-services-measurement-api:21.5.0] AndroidManifest.xml:24:22-65
37    <uses-permission android:name="com.google.android.gms.permission.AD_ID" />
37-->[com.google.android.gms:play-services-measurement-api:21.5.0] AndroidManifest.xml:25:5-79
37-->[com.google.android.gms:play-services-measurement-api:21.5.0] AndroidManifest.xml:25:22-76
38    <uses-permission android:name="android.permission.ACCESS_ADSERVICES_ATTRIBUTION" />
38-->[com.google.android.gms:play-services-measurement-api:21.5.0] AndroidManifest.xml:26:5-88
38-->[com.google.android.gms:play-services-measurement-api:21.5.0] AndroidManifest.xml:26:22-85
39    <uses-permission android:name="android.permission.ACCESS_ADSERVICES_AD_ID" />
39-->[com.google.android.gms:play-services-measurement-api:21.5.0] AndroidManifest.xml:27:5-82
39-->[com.google.android.gms:play-services-measurement-api:21.5.0] AndroidManifest.xml:27:22-79
40    <uses-permission android:name="com.google.android.finsky.permission.BIND_GET_INSTALL_REFERRER_SERVICE" />
40-->[com.google.android.gms:play-services-measurement:21.5.0] AndroidManifest.xml:26:5-110
40-->[com.google.android.gms:play-services-measurement:21.5.0] AndroidManifest.xml:26:22-107
41
42    <permission
42-->[androidx.core:core:1.9.0] AndroidManifest.xml:22:5-24:47
43        android:name="sachdeva.saksham.medrescue.DYNAMIC_RECEIVER_NOT_EXPORTED_PERMISSION"
43-->[androidx.core:core:1.9.0] AndroidManifest.xml:23:9-81
44        android:protectionLevel="signature" />
44-->[androidx.core:core:1.9.0] AndroidManifest.xml:24:9-44
45
46    <uses-permission android:name="sachdeva.saksham.medrescue.DYNAMIC_RECEIVER_NOT_EXPORTED_PERMISSION" />
46-->[androidx.core:core:1.9.0] AndroidManifest.xml:26:5-97
46-->[androidx.core:core:1.9.0] AndroidManifest.xml:26:22-94
47
48    <application
48-->src\main\AndroidManifest.xml:17:5-71:19
49        android:name="androidx.multidex.MultiDexApplication"
49-->src\main\AndroidManifest.xml:18:9-61
50        android:allowBackup="true"
50-->src\main\AndroidManifest.xml:19:9-35
51        android:appComponentFactory="androidx.core.app.CoreComponentFactory"
51-->[androidx.core:core:1.9.0] AndroidManifest.xml:28:18-86
52        android:extractNativeLibs="true"
53        android:icon="@mipmap/ic_launcher"
53-->src\main\AndroidManifest.xml:20:9-43
54        android:label="@string/app_name"
54-->src\main\AndroidManifest.xml:21:9-41
55        android:roundIcon="@mipmap/ic_launcher_round"
55-->src\main\AndroidManifest.xml:22:9-54
56        android:supportsRtl="true"
56-->src\main\AndroidManifest.xml:23:9-35
57        android:theme="@style/AppTheme" >
57-->src\main\AndroidManifest.xml:24:9-40
58        <activity
58-->src\main\AndroidManifest.xml:25:9-83
59            android:name="sachdeva.saksham.medrescue.ResetPasswordActivity"
59-->src\main\AndroidManifest.xml:25:19-56
60            android:exported="false" />
60-->src\main\AndroidManifest.xml:25:57-81
61        <activity
61-->src\main\AndroidManifest.xml:26:9-82
62            android:name="sachdeva.saksham.medrescue.CustomerRegistration"
62-->src\main\AndroidManifest.xml:26:19-55
63            android:exported="false" />
63-->src\main\AndroidManifest.xml:26:56-80
64        <activity
64-->src\main\AndroidManifest.xml:27:9-28:61
65            android:name="sachdeva.saksham.medrescue.DriverSignupActivity"
65-->src\main\AndroidManifest.xml:27:19-55
66            android:configChanges="orientation|screenSize"
66-->src\main\AndroidManifest.xml:28:13-59
67            android:exported="false" />
67-->src\main\AndroidManifest.xml:27:56-80
68        <activity
68-->src\main\AndroidManifest.xml:29:9-76
69            android:name="sachdeva.saksham.medrescue.CustomerSignup"
69-->src\main\AndroidManifest.xml:29:19-49
70            android:exported="false" />
70-->src\main\AndroidManifest.xml:29:50-74
71
72        <service
72-->src\main\AndroidManifest.xml:31:9-33:44
73            android:name="sachdeva.saksham.medrescue.onAppKilled"
73-->src\main\AndroidManifest.xml:32:13-40
74            android:stopWithTask="false" />
74-->src\main\AndroidManifest.xml:33:13-41
75
76        <activity
76-->src\main\AndroidManifest.xml:35:9-43:20
77            android:name="sachdeva.saksham.medrescue.Welcome_Activity"
77-->src\main\AndroidManifest.xml:36:13-45
78            android:exported="true" >
78-->src\main\AndroidManifest.xml:37:13-36
79            <intent-filter>
79-->src\main\AndroidManifest.xml:38:13-42:29
80                <action android:name="android.intent.action.MAIN" />
80-->src\main\AndroidManifest.xml:39:17-69
80-->src\main\AndroidManifest.xml:39:25-66
81                <action android:name="android.intent.action.VIEW" />
81-->src\main\AndroidManifest.xml:40:17-69
81-->src\main\AndroidManifest.xml:40:25-66
82
83                <category android:name="android.intent.category.LAUNCHER" />
83-->src\main\AndroidManifest.xml:41:17-77
83-->src\main\AndroidManifest.xml:41:27-74
84            </intent-filter>
85        </activity>
86        <activity
86-->src\main\AndroidManifest.xml:45:9-48:69
87            android:name="sachdeva.saksham.medrescue.CustomerLoginActivity"
87-->src\main\AndroidManifest.xml:46:13-50
88            android:exported="false"
88-->src\main\AndroidManifest.xml:47:13-37
89            android:label="@string/title_activity_customer_login" />
89-->src\main\AndroidManifest.xml:48:13-66
90        <activity
90-->src\main\AndroidManifest.xml:49:9-52:67
91            android:name="sachdeva.saksham.medrescue.DriverLoginActivity"
91-->src\main\AndroidManifest.xml:50:13-48
92            android:exported="false"
92-->src\main\AndroidManifest.xml:51:13-37
93            android:label="@string/title_activity_driver_login" />
93-->src\main\AndroidManifest.xml:52:13-64
94
95        <meta-data
95-->src\main\AndroidManifest.xml:54:9-56:55
96            android:name="com.google.android.geo.API_KEY"
96-->src\main\AndroidManifest.xml:55:13-58
97            android:value="@string/google_maps_key" />
97-->src\main\AndroidManifest.xml:56:13-52
98
99        <activity
99-->src\main\AndroidManifest.xml:58:9-61:65
100            android:name="sachdeva.saksham.medrescue.DriverMapActivity"
100-->src\main\AndroidManifest.xml:59:13-46
101            android:exported="false"
101-->src\main\AndroidManifest.xml:60:13-37
102            android:label="@string/title_activity_driver_map" />
102-->src\main\AndroidManifest.xml:61:13-62
103        <activity
103-->src\main\AndroidManifest.xml:62:9-65:67
104            android:name="sachdeva.saksham.medrescue.CustomerMapActivity"
104-->src\main\AndroidManifest.xml:63:13-48
105            android:exported="false"
105-->src\main\AndroidManifest.xml:64:13-37
106            android:label="@string/title_activity_customer_map" />
106-->src\main\AndroidManifest.xml:65:13-64
107        <activity
107-->src\main\AndroidManifest.xml:66:9-83
108            android:name="sachdeva.saksham.medrescue.DriverSettingActivity"
108-->src\main\AndroidManifest.xml:66:19-56
109            android:exported="false" />
109-->src\main\AndroidManifest.xml:66:57-81
110        <activity
110-->src\main\AndroidManifest.xml:67:9-86
111            android:name="sachdeva.saksham.medrescue.CustomerSettingsActivity"
111-->src\main\AndroidManifest.xml:67:19-59
112            android:exported="false" />
112-->src\main\AndroidManifest.xml:67:60-84
113        <activity
113-->src\main\AndroidManifest.xml:68:9-83
114            android:name="sachdeva.saksham.medrescue.HistorySingleActivity"
114-->src\main\AndroidManifest.xml:68:19-56
115            android:exported="false" />
115-->src\main\AndroidManifest.xml:68:57-81
116        <activity
116-->src\main\AndroidManifest.xml:69:9-77
117            android:name="sachdeva.saksham.medrescue.HistoryActivity"
117-->src\main\AndroidManifest.xml:69:19-50
118            android:exported="false" />
118-->src\main\AndroidManifest.xml:69:51-75
119        <activity
119-->src\main\AndroidManifest.xml:70:9-75
120            android:name="sachdeva.saksham.medrescue.MapsActivity2"
120-->src\main\AndroidManifest.xml:70:19-48
121            android:exported="false" />
121-->src\main\AndroidManifest.xml:70:49-73
122        <activity
122-->[com.google.android.libraries.places:places:3.3.0] AndroidManifest.xml:15:9-21:20
123            android:name="com.google.android.libraries.places.widget.AutocompleteActivity"
123-->[com.google.android.libraries.places:places:3.3.0] AndroidManifest.xml:16:13-91
124            android:exported="false"
124-->[com.google.android.libraries.places:places:3.3.0] AndroidManifest.xml:17:13-37
125            android:label="@string/places_autocomplete_label"
125-->[com.google.android.libraries.places:places:3.3.0] AndroidManifest.xml:18:13-62
126            android:theme="@style/PlacesAutocompleteOverlay"
126-->[com.google.android.libraries.places:places:3.3.0] AndroidManifest.xml:19:13-61
127            android:windowSoftInputMode="adjustResize" >
127-->[com.google.android.libraries.places:places:3.3.0] AndroidManifest.xml:20:13-55
128        </activity> <!-- Needs to be explicitly declared on P+ -->
129        <uses-library
129-->[com.google.android.gms:play-services-maps:18.2.0] AndroidManifest.xml:39:9-41:40
130            android:name="org.apache.http.legacy"
130-->[com.google.android.gms:play-services-maps:18.2.0] AndroidManifest.xml:40:13-50
131            android:required="false" />
131-->[com.google.android.gms:play-services-maps:18.2.0] AndroidManifest.xml:41:13-37
132
133        <activity
133-->[com.google.android.gms:play-services-auth:20.7.0] AndroidManifest.xml:23:9-27:75
134            android:name="com.google.android.gms.auth.api.signin.internal.SignInHubActivity"
134-->[com.google.android.gms:play-services-auth:20.7.0] AndroidManifest.xml:24:13-93
135            android:excludeFromRecents="true"
135-->[com.google.android.gms:play-services-auth:20.7.0] AndroidManifest.xml:25:13-46
136            android:exported="false"
136-->[com.google.android.gms:play-services-auth:20.7.0] AndroidManifest.xml:26:13-37
137            android:theme="@android:style/Theme.Translucent.NoTitleBar" />
137-->[com.google.android.gms:play-services-auth:20.7.0] AndroidManifest.xml:27:13-72
138        <!--
139            Service handling Google Sign-In user revocation. For apps that do not integrate with
140            Google Sign-In, this service will never be started.
141        -->
142        <service
142-->[com.google.android.gms:play-services-auth:20.7.0] AndroidManifest.xml:33:9-37:51
143            android:name="com.google.android.gms.auth.api.signin.RevocationBoundService"
143-->[com.google.android.gms:play-services-auth:20.7.0] AndroidManifest.xml:34:13-89
144            android:exported="true"
144-->[com.google.android.gms:play-services-auth:20.7.0] AndroidManifest.xml:35:13-36
145            android:permission="com.google.android.gms.auth.api.signin.permission.REVOCATION_NOTIFICATION"
145-->[com.google.android.gms:play-services-auth:20.7.0] AndroidManifest.xml:36:13-107
146            android:visibleToInstantApps="true" />
146-->[com.google.android.gms:play-services-auth:20.7.0] AndroidManifest.xml:37:13-48
147        <service
147-->[com.google.firebase:firebase-database:20.3.0] AndroidManifest.xml:26:9-35:19
148            android:name="com.google.firebase.components.ComponentDiscoveryService"
148-->[com.google.firebase:firebase-database:20.3.0] AndroidManifest.xml:27:13-84
149            android:directBootAware="true"
149-->[com.google.firebase:firebase-common:20.4.2] AndroidManifest.xml:32:13-43
150            android:exported="false" >
150-->[com.google.firebase:firebase-database:20.3.0] AndroidManifest.xml:28:13-37
151            <meta-data
151-->[com.google.firebase:firebase-database:20.3.0] AndroidManifest.xml:29:13-31:85
152                android:name="com.google.firebase.components:com.google.firebase.database.FirebaseDatabaseKtxRegistrar"
152-->[com.google.firebase:firebase-database:20.3.0] AndroidManifest.xml:30:17-120
153                android:value="com.google.firebase.components.ComponentRegistrar" />
153-->[com.google.firebase:firebase-database:20.3.0] AndroidManifest.xml:31:17-82
154            <meta-data
154-->[com.google.firebase:firebase-database:20.3.0] AndroidManifest.xml:32:13-34:85
155                android:name="com.google.firebase.components:com.google.firebase.database.DatabaseRegistrar"
155-->[com.google.firebase:firebase-database:20.3.0] AndroidManifest.xml:33:17-109
156                android:value="com.google.firebase.components.ComponentRegistrar" />
156-->[com.google.firebase:firebase-database:20.3.0] AndroidManifest.xml:34:17-82
157            <meta-data
157-->[com.google.firebase:firebase-auth:22.3.0] AndroidManifest.xml:69:13-71:85
158                android:name="com.google.firebase.components:com.google.firebase.auth.FirebaseAuthRegistrar"
158-->[com.google.firebase:firebase-auth:22.3.0] AndroidManifest.xml:70:17-109
159                android:value="com.google.firebase.components.ComponentRegistrar" />
159-->[com.google.firebase:firebase-auth:22.3.0] AndroidManifest.xml:71:17-82
160            <meta-data
160-->[com.google.android.gms:play-services-measurement-api:21.5.0] AndroidManifest.xml:37:13-39:85
161                android:name="com.google.firebase.components:com.google.firebase.analytics.connector.internal.AnalyticsConnectorRegistrar"
161-->[com.google.android.gms:play-services-measurement-api:21.5.0] AndroidManifest.xml:38:17-139
162                android:value="com.google.firebase.components.ComponentRegistrar" />
162-->[com.google.android.gms:play-services-measurement-api:21.5.0] AndroidManifest.xml:39:17-82
163            <meta-data
163-->[com.google.firebase:firebase-installations:17.2.0] AndroidManifest.xml:15:13-17:85
164                android:name="com.google.firebase.components:com.google.firebase.installations.FirebaseInstallationsKtxRegistrar"
164-->[com.google.firebase:firebase-installations:17.2.0] AndroidManifest.xml:16:17-130
165                android:value="com.google.firebase.components.ComponentRegistrar" />
165-->[com.google.firebase:firebase-installations:17.2.0] AndroidManifest.xml:17:17-82
166            <meta-data
166-->[com.google.firebase:firebase-installations:17.2.0] AndroidManifest.xml:18:13-20:85
167                android:name="com.google.firebase.components:com.google.firebase.installations.FirebaseInstallationsRegistrar"
167-->[com.google.firebase:firebase-installations:17.2.0] AndroidManifest.xml:19:17-127
168                android:value="com.google.firebase.components.ComponentRegistrar" />
168-->[com.google.firebase:firebase-installations:17.2.0] AndroidManifest.xml:20:17-82
169            <meta-data
169-->[com.google.firebase:firebase-common-ktx:20.4.2] AndroidManifest.xml:12:13-14:85
170                android:name="com.google.firebase.components:com.google.firebase.ktx.FirebaseCommonLegacyRegistrar"
170-->[com.google.firebase:firebase-common-ktx:20.4.2] AndroidManifest.xml:13:17-116
171                android:value="com.google.firebase.components.ComponentRegistrar" />
171-->[com.google.firebase:firebase-common-ktx:20.4.2] AndroidManifest.xml:14:17-82
172            <meta-data
172-->[com.google.firebase:firebase-common:20.4.2] AndroidManifest.xml:35:13-37:85
173                android:name="com.google.firebase.components:com.google.firebase.FirebaseCommonKtxRegistrar"
173-->[com.google.firebase:firebase-common:20.4.2] AndroidManifest.xml:36:17-109
174                android:value="com.google.firebase.components.ComponentRegistrar" />
174-->[com.google.firebase:firebase-common:20.4.2] AndroidManifest.xml:37:17-82
175        </service>
176
177        <activity
177-->[com.google.firebase:firebase-auth:22.3.0] AndroidManifest.xml:29:9-46:20
178            android:name="com.google.firebase.auth.internal.GenericIdpActivity"
178-->[com.google.firebase:firebase-auth:22.3.0] AndroidManifest.xml:30:13-80
179            android:excludeFromRecents="true"
179-->[com.google.firebase:firebase-auth:22.3.0] AndroidManifest.xml:31:13-46
180            android:exported="true"
180-->[com.google.firebase:firebase-auth:22.3.0] AndroidManifest.xml:32:13-36
181            android:launchMode="singleTask"
181-->[com.google.firebase:firebase-auth:22.3.0] AndroidManifest.xml:33:13-44
182            android:theme="@android:style/Theme.Translucent.NoTitleBar" >
182-->[com.google.firebase:firebase-auth:22.3.0] AndroidManifest.xml:34:13-72
183            <intent-filter>
183-->[com.google.firebase:firebase-auth:22.3.0] AndroidManifest.xml:35:13-45:29
184                <action android:name="android.intent.action.VIEW" />
184-->src\main\AndroidManifest.xml:40:17-69
184-->src\main\AndroidManifest.xml:40:25-66
185
186                <category android:name="android.intent.category.DEFAULT" />
186-->[com.google.firebase:firebase-auth:22.3.0] AndroidManifest.xml:38:17-76
186-->[com.google.firebase:firebase-auth:22.3.0] AndroidManifest.xml:38:27-73
187                <category android:name="android.intent.category.BROWSABLE" />
187-->[com.google.firebase:firebase-auth:22.3.0] AndroidManifest.xml:39:17-78
187-->[com.google.firebase:firebase-auth:22.3.0] AndroidManifest.xml:39:27-75
188
189                <data
189-->[com.google.firebase:firebase-auth:22.3.0] AndroidManifest.xml:41:17-44:51
190                    android:host="firebase.auth"
190-->[com.google.firebase:firebase-auth:22.3.0] AndroidManifest.xml:42:21-49
191                    android:path="/"
191-->[com.google.firebase:firebase-auth:22.3.0] AndroidManifest.xml:43:21-37
192                    android:scheme="genericidp" />
192-->[com.google.firebase:firebase-auth:22.3.0] AndroidManifest.xml:44:21-48
193            </intent-filter>
194        </activity>
195        <activity
195-->[com.google.firebase:firebase-auth:22.3.0] AndroidManifest.xml:47:9-64:20
196            android:name="com.google.firebase.auth.internal.RecaptchaActivity"
196-->[com.google.firebase:firebase-auth:22.3.0] AndroidManifest.xml:48:13-79
197            android:excludeFromRecents="true"
197-->[com.google.firebase:firebase-auth:22.3.0] AndroidManifest.xml:49:13-46
198            android:exported="true"
198-->[com.google.firebase:firebase-auth:22.3.0] AndroidManifest.xml:50:13-36
199            android:launchMode="singleTask"
199-->[com.google.firebase:firebase-auth:22.3.0] AndroidManifest.xml:51:13-44
200            android:theme="@android:style/Theme.Translucent.NoTitleBar" >
200-->[com.google.firebase:firebase-auth:22.3.0] AndroidManifest.xml:52:13-72
201            <intent-filter>
201-->[com.google.firebase:firebase-auth:22.3.0] AndroidManifest.xml:53:13-63:29
202                <action android:name="android.intent.action.VIEW" />
202-->src\main\AndroidManifest.xml:40:17-69
202-->src\main\AndroidManifest.xml:40:25-66
203
204                <category android:name="android.intent.category.DEFAULT" />
204-->[com.google.firebase:firebase-auth:22.3.0] AndroidManifest.xml:38:17-76
204-->[com.google.firebase:firebase-auth:22.3.0] AndroidManifest.xml:38:27-73
205                <category android:name="android.intent.category.BROWSABLE" />
205-->[com.google.firebase:firebase-auth:22.3.0] AndroidManifest.xml:39:17-78
205-->[com.google.firebase:firebase-auth:22.3.0] AndroidManifest.xml:39:27-75
206
207                <data
207-->[com.google.firebase:firebase-auth:22.3.0] AndroidManifest.xml:41:17-44:51
208                    android:host="firebase.auth"
208-->[com.google.firebase:firebase-auth:22.3.0] AndroidManifest.xml:42:21-49
209                    android:path="/"
209-->[com.google.firebase:firebase-auth:22.3.0] AndroidManifest.xml:43:21-37
210                    android:scheme="recaptcha" />
210-->[com.google.firebase:firebase-auth:22.3.0] AndroidManifest.xml:44:21-48
211            </intent-filter>
212        </activity>
213        <activity
213-->[com.google.android.gms:play-services-base:18.2.0] AndroidManifest.xml:20:9-22:45
214            android:name="com.google.android.gms.common.api.GoogleApiActivity"
214-->[com.google.android.gms:play-services-base:18.2.0] AndroidManifest.xml:20:19-85
215            android:exported="false"
215-->[com.google.android.gms:play-services-base:18.2.0] AndroidManifest.xml:22:19-43
216            android:theme="@android:style/Theme.Translucent.NoTitleBar" />
216-->[com.google.android.gms:play-services-base:18.2.0] AndroidManifest.xml:21:19-78
217
218        <property
218-->[com.google.android.gms:play-services-measurement-api:21.5.0] AndroidManifest.xml:30:9-32:61
219            android:name="android.adservices.AD_SERVICES_CONFIG"
219-->[com.google.android.gms:play-services-measurement-api:21.5.0] AndroidManifest.xml:31:13-65
220            android:resource="@xml/ga_ad_services_config" />
220-->[com.google.android.gms:play-services-measurement-api:21.5.0] AndroidManifest.xml:32:13-58
221
222        <provider
222-->[com.google.firebase:firebase-common:20.4.2] AndroidManifest.xml:23:9-28:39
223            android:name="com.google.firebase.provider.FirebaseInitProvider"
223-->[com.google.firebase:firebase-common:20.4.2] AndroidManifest.xml:24:13-77
224            android:authorities="sachdeva.saksham.medrescue.firebaseinitprovider"
224-->[com.google.firebase:firebase-common:20.4.2] AndroidManifest.xml:25:13-72
225            android:directBootAware="true"
225-->[com.google.firebase:firebase-common:20.4.2] AndroidManifest.xml:26:13-43
226            android:exported="false"
226-->[com.google.firebase:firebase-common:20.4.2] AndroidManifest.xml:27:13-37
227            android:initOrder="100" />
227-->[com.google.firebase:firebase-common:20.4.2] AndroidManifest.xml:28:13-36
228
229        <receiver
229-->[com.google.android.gms:play-services-measurement:21.5.0] AndroidManifest.xml:29:9-33:20
230            android:name="com.google.android.gms.measurement.AppMeasurementReceiver"
230-->[com.google.android.gms:play-services-measurement:21.5.0] AndroidManifest.xml:30:13-85
231            android:enabled="true"
231-->[com.google.android.gms:play-services-measurement:21.5.0] AndroidManifest.xml:31:13-35
232            android:exported="false" >
232-->[com.google.android.gms:play-services-measurement:21.5.0] AndroidManifest.xml:32:13-37
233        </receiver>
234
235        <service
235-->[com.google.android.gms:play-services-measurement:21.5.0] AndroidManifest.xml:35:9-38:40
236            android:name="com.google.android.gms.measurement.AppMeasurementService"
236-->[com.google.android.gms:play-services-measurement:21.5.0] AndroidManifest.xml:36:13-84
237            android:enabled="true"
237-->[com.google.android.gms:play-services-measurement:21.5.0] AndroidManifest.xml:37:13-35
238            android:exported="false" />
238-->[com.google.android.gms:play-services-measurement:21.5.0] AndroidManifest.xml:38:13-37
239        <service
239-->[com.google.android.gms:play-services-measurement:21.5.0] AndroidManifest.xml:39:9-43:72
240            android:name="com.google.android.gms.measurement.AppMeasurementJobService"
240-->[com.google.android.gms:play-services-measurement:21.5.0] AndroidManifest.xml:40:13-87
241            android:enabled="true"
241-->[com.google.android.gms:play-services-measurement:21.5.0] AndroidManifest.xml:41:13-35
242            android:exported="false"
242-->[com.google.android.gms:play-services-measurement:21.5.0] AndroidManifest.xml:42:13-37
243            android:permission="android.permission.BIND_JOB_SERVICE" />
243-->[com.google.android.gms:play-services-measurement:21.5.0] AndroidManifest.xml:43:13-69
244
245        <uses-library
245-->[androidx.privacysandbox.ads:ads-adservices:1.0.0-beta05] AndroidManifest.xml:23:9-25:40
246            android:name="android.ext.adservices"
246-->[androidx.privacysandbox.ads:ads-adservices:1.0.0-beta05] AndroidManifest.xml:24:13-50
247            android:required="false" />
247-->[androidx.privacysandbox.ads:ads-adservices:1.0.0-beta05] AndroidManifest.xml:25:13-37
248
249        <provider
249-->[androidx.emoji2:emoji2:1.2.0] AndroidManifest.xml:24:9-32:20
250            android:name="androidx.startup.InitializationProvider"
250-->[androidx.emoji2:emoji2:1.2.0] AndroidManifest.xml:25:13-67
251            android:authorities="sachdeva.saksham.medrescue.androidx-startup"
251-->[androidx.emoji2:emoji2:1.2.0] AndroidManifest.xml:26:13-68
252            android:exported="false" >
252-->[androidx.emoji2:emoji2:1.2.0] AndroidManifest.xml:27:13-37
253            <meta-data
253-->[androidx.emoji2:emoji2:1.2.0] AndroidManifest.xml:29:13-31:52
254                android:name="androidx.emoji2.text.EmojiCompatInitializer"
254-->[androidx.emoji2:emoji2:1.2.0] AndroidManifest.xml:30:17-75
255                android:value="androidx.startup" />
255-->[androidx.emoji2:emoji2:1.2.0] AndroidManifest.xml:31:17-49
256            <meta-data
256-->[androidx.lifecycle:lifecycle-process:2.6.1] AndroidManifest.xml:29:13-31:52
257                android:name="androidx.lifecycle.ProcessLifecycleInitializer"
257-->[androidx.lifecycle:lifecycle-process:2.6.1] AndroidManifest.xml:30:17-78
258                android:value="androidx.startup" />
258-->[androidx.lifecycle:lifecycle-process:2.6.1] AndroidManifest.xml:31:17-49
259            <meta-data
259-->[androidx.profileinstaller:profileinstaller:1.3.0] AndroidManifest.xml:29:13-31:52
260                android:name="androidx.profileinstaller.ProfileInstallerInitializer"
260-->[androidx.profileinstaller:profileinstaller:1.3.0] AndroidManifest.xml:30:17-85
261                android:value="androidx.startup" />
261-->[androidx.profileinstaller:profileinstaller:1.3.0] AndroidManifest.xml:31:17-49
262        </provider>
263
264        <meta-data
264-->[com.google.android.gms:play-services-basement:18.2.0] AndroidManifest.xml:21:9-23:69
265            android:name="com.google.android.gms.version"
265-->[com.google.android.gms:play-services-basement:18.2.0] AndroidManifest.xml:22:13-58
266            android:value="@integer/google_play_services_version" />
266-->[com.google.android.gms:play-services-basement:18.2.0] AndroidManifest.xml:23:13-66
267
268        <receiver
268-->[androidx.profileinstaller:profileinstaller:1.3.0] AndroidManifest.xml:34:9-52:20
269            android:name="androidx.profileinstaller.ProfileInstallReceiver"
269-->[androidx.profileinstaller:profileinstaller:1.3.0] AndroidManifest.xml:35:13-76
270            android:directBootAware="false"
270-->[androidx.profileinstaller:profileinstaller:1.3.0] AndroidManifest.xml:36:13-44
271            android:enabled="true"
271-->[androidx.profileinstaller:profileinstaller:1.3.0] AndroidManifest.xml:37:13-35
272            android:exported="true"
272-->[androidx.profileinstaller:profileinstaller:1.3.0] AndroidManifest.xml:38:13-36